<?xml version="1.0" encoding="UTF-8"?>
<testsuite name="ResistorColorDuoTest" tests="1" skipped="0" failures="0" errors="0" timestamp="2020-12-22T06:56:03" hostname="MahanPC" time="0.02">
  <properties/>
  <testcase name="brown and black" classname="ResistorColorDuoTest" time="0.02"/>
  <system-out><![CDATA[]]></system-out>
  <system-err><![CDATA[]]></system-err>
</testsuite>
